==> Upgrading 1 outdated package, with result:
python3 3.6.4
==> Upgrading python3 
==> Downloading https://www.python.org/ftp/python/3.6.4/Python-3.6.4.tar.xz
==> ./configure --prefix=/home/linuxbrew/.linuxbrew/Cellar/python3/3.6.4 --enable-ipv6 --datarootdir=/home/linuxbrew/.linuxbrew/Cellar/python3/3.6.4/share --datadir=/home/linuxbrew/.linuxbrew/Cellar/python3/3.6.4/share --enable-shared --without-ensurepip --enable-loadable-sqlite-extensions --with-system-ffi MACOSX_DEPLOYMENT_TARGET=0 LDFLAGS=  -L/home/linuxbrew/.linuxbrew/lib CPPFLAGS=  -I/home/linuxbrew/.linuxbrew/include
==> make
==> make install PYTHONAPPSDIR=/home/linuxbrew/.linuxbrew/Cellar/python3/3.6.4
==> Downloading https://files.pythonhosted.org/packages/a4/c8/9a7a47f683d54d83f648d37c3e180317f80dc126a304c45dc6663246233a/setuptools-36.5.0.zip
==> Downloading https://files.pythonhosted.org/packages/11/b6/abcb525026a4be042b486df43905d6893fb04f05aac21c32c638e939e447/pip-9.0.1.tar.gz
==> Downloading https://files.pythonhosted.org/packages/fa/b4/f9886517624a4dcb81a1d766f68034344b7565db69f13d52697222daeb72/wheel-0.30.0.tar.gz
==> Not running post_install as we're building a bottle
You can run it manually using `brew postinstall python3`
==> Caveats
Pip, setuptools, and wheel have been installed. To update them
  pip3 install --upgrade pip setuptools wheel

You can install Python packages with
  pip3 install <package>

They will install into the site-package directory
  /home/linuxbrew/.linuxbrew/lib/python3.6/site-packages

See: https://docs.brew.sh/Homebrew-and-Python.html
==> Summary
ðŸº  /home/linuxbrew/.linuxbrew/Cellar/python3/3.6.4: 7,220 files, 135.3MB, built in 3 minutes 26 seconds
==> Determining python3 bottle rebuild...
==> Bottling python3-3.6.4.x86_64_linux.bottle.1.tar.gz...
==> Detecting if python3-3.6.4.x86_64_linux.bottle.1.tar.gz is relocatable...
./python3-3.6.4.x86_64_linux.bottle.1.tar.gz
  bottle do
    rebuild 1
    sha256 "fc4c87bcb43ff9487c26d8ec9afd3e218611373765d67322c3da0b472d77b98c" => :x86_64_linux
  end
