==> Determining apr bottle rebuild...
==> Bottling apr-1.6.2.x86_64_linux.bottle.1.tar.gz...
==> Detecting if apr-1.6.2.x86_64_linux.bottle.1.tar.gz is relocatable...
./apr-1.6.2.x86_64_linux.bottle.1.tar.gz
  bottle do
    rebuild 1
    sha256 "edb550e9f727a07dd920b610e8caca4bf92f71fec151ea80c6dfcc4aa3553d0e" => :x86_64_linux
  end
==> Determining apr-util bottle rebuild...
==> Bottling apr-util-1.6.0.x86_64_linux.bottle.1.tar.gz...
==> Determining berkeley-db bottle rebuild...
==> Bottling berkeley-db-6.2.32.x86_64_linux.bottle.1.tar.gz...
==> Detecting if berkeley-db-6.2.32.x86_64_linux.bottle.1.tar.gz is relocatable...
==> Determining berkeley-db@4 bottle rebuild...
==> Bottling berkeley-db@4-4.8.30.x86_64_linux.bottle.1.tar.gz...
==> Detecting if berkeley-db@4-4.8.30.x86_64_linux.bottle.1.tar.gz is relocatable...
./berkeley-db@4-4.8.30.x86_64_linux.bottle.1.tar.gz
  bottle do
    cellar :any_skip_relocation
    rebuild 1
    sha256 "f1c06546cbe9250f87dd34465523534e6f40b30f1cf1cc42ab4fbec6699b48bd" => :x86_64_linux
  end
==> Determining binutils bottle rebuild...
==> Bottling binutils-2.29.x86_64_linux.bottle.1.tar.gz...
==> Detecting if binutils-2.29.x86_64_linux.bottle.1.tar.gz is relocatable...
./binutils-2.29.x86_64_linux.bottle.1.tar.gz
  bottle do
    rebuild 1
    sha256 "c41eb2a8fbc80646b36b64fa0fbae9c4bea73b1f3ac8c4969233e69ee2cc2dd3" => :x86_64_linux
  end
==> Determining bison bottle rebuild...
==> Bottling bison-3.0.4.x86_64_linux.bottle.1.tar.gz...
./bison-3.0.4.x86_64_linux.bottle.1.tar.gz
  bottle do
    rebuild 1
    sha256 "1581b66de7478855dccc6543419c3ed667d55687517529e4c4890bb03e5e8dab" => :x86_64_linux
  end
==> Determining cmake bottle rebuild...
==> Bottling cmake-3.9.0.x86_64_linux.bottle.1.tar.gz...
==> Detecting if cmake-3.9.0.x86_64_linux.bottle.1.tar.gz is relocatable...
./cmake-3.9.0.x86_64_linux.bottle.1.tar.gz
  bottle do
    cellar :any_skip_relocation
    rebuild 1
    sha256 "5e8c4fcc2f9f06b85d05b59c3c512745f58287ac4ecbdc1c9ae84682b6d6ccc8" => :x86_64_linux
  end
==> Determining curl bottle rebuild...
==> Bottling curl-7.54.1.x86_64_linux.bottle.1.tar.gz...
./curl-7.54.1.x86_64_linux.bottle.1.tar.gz
  bottle do
    rebuild 1
    sha256 "972a127b1a406a50b4681096d298f8762dd61e2a7b6db11e7cbe426d50c9f386" => :x86_64_linux
  end
==> Determining expat bottle rebuild...
==> Bottling expat-2.2.3.x86_64_linux.bottle.1.tar.gz...
./expat-2.2.3.x86_64_linux.bottle.1.tar.gz
  bottle do
    rebuild 1
    sha256 "25a10d29bf2f08156c7297e8d8ceccbdfb2326bbb2b25c7c44b67b6a4d8b7fbc" => :x86_64_linux
  end
==> Determining gdbm bottle rebuild...
==> Bottling gdbm-1.13_1.x86_64_linux.bottle.1.tar.gz...
./gdbm-1.13_1.x86_64_linux.bottle.1.tar.gz
  bottle do
    rebuild 1
    sha256 "d248c660f155c317193e68f084182449bde3c4e94d62619fe15c8e9901bb4a71" => :x86_64_linux
  end
==> Determining gmp bottle rebuild...
==> Bottling gmp-6.1.1.x86_64_linux.bottle.tar.gz...
==> Detecting if gmp-6.1.1.x86_64_linux.bottle.tar.gz is relocatable...
./gmp-6.1.1.x86_64_linux.bottle.tar.gz
  bottle do
    cellar :any_skip_relocation
    sha256 "90cc63633cd9c32a4f567ec4b8f7ed1df098c937f5610fcce999631af22602f0" => :x86_64_linux
  end
==> Determining icu4c bottle rebuild...
==> Bottling icu4c-58.2.x86_64_linux.bottle.1.tar.gz...
==> Detecting if icu4c-58.2.x86_64_linux.bottle.1.tar.gz is relocatable...
./icu4c-58.2.x86_64_linux.bottle.1.tar.gz
  bottle do
    cellar :any_skip_relocation
    rebuild 1
    sha256 "8a417a9988db84ee9858e10e86910b4014330b199fac4a755c1cfc2780c8a5b2" => :x86_64_linux
  end
==> Determining isl bottle rebuild...
==> Bottling isl-0.15.x86_64_linux.bottle.1.tar.gz...
==> Detecting if isl-0.15.x86_64_linux.bottle.1.tar.gz is relocatable...
./isl-0.15.x86_64_linux.bottle.1.tar.gz
  bottle do
    cellar :any_skip_relocation
    rebuild 1
    sha256 "3ba16eb7a28d09586e55e3b572c04b4f63bd0282f04c89249fc80abf1cc1764d" => :x86_64_linux
  end
==> Determining jdk bottle rebuild...
==> Bottling jdk-1.8.0-144.x86_64_linux.bottle.1.tar.gz...
==> Detecting if jdk-1.8.0-144.x86_64_linux.bottle.1.tar.gz is relocatable...
./jdk-1.8.0-144.x86_64_linux.bottle.1.tar.gz
  bottle do
    cellar :any_skip_relocation
    rebuild 1
    sha256 "647d281dfe9bad3ed56c365c5ba08cbc57751a3e0847391726d4e65446eed372" => :x86_64_linux
  end
==> Determining krb5 bottle rebuild...
==> Bottling krb5-1.15.1.x86_64_linux.bottle.1.tar.gz...
==> Detecting if krb5-1.15.1.x86_64_linux.bottle.1.tar.gz is relocatable...
./krb5-1.15.1.x86_64_linux.bottle.1.tar.gz
  bottle do
    rebuild 1
    sha256 "1e74ec6807d205cbfab05db42d7873ebefd9114a7ee9a66485934e86c0e8ebc8" => :x86_64_linux
  end
==> Determining libbsd bottle rebuild...
==> Bottling libbsd-0.8.3.x86_64_linux.bottle.1.tar.gz...
./libbsd-0.8.3.x86_64_linux.bottle.1.tar.gz
  bottle do
    cellar :any_skip_relocation
    rebuild 1
    sha256 "7af5b9b235ccedb4148882f4edcd5a3c35d98cc81044da89240ed964ffa93dc0" => :x86_64_linux
  end
==> Determining libcap bottle rebuild...
==> Bottling libcap-2.25.x86_64_linux.bottle.1.tar.gz...
./libcap-2.25.x86_64_linux.bottle.1.tar.gz
  bottle do
    rebuild 1
    sha256 "69016172e52243ec1cdc0c67812e7ff28a7ff3dab29b9e01fa87243f004dfc0f" => :x86_64_linux
  end
==> Determining libedit bottle rebuild...
==> Bottling libedit-20170329-3.1.x86_64_linux.bottle.1.tar.gz...
./libedit-20170329-3.1.x86_64_linux.bottle.1.tar.gz
  bottle do
    rebuild 1
    sha256 "b316b8d7dee8df024589a271207cbf4c63cdbab427bec5db8a5ca993f7a5dc7b" => :x86_64_linux
  end
==> Determining libffi bottle rebuild...
==> Bottling libffi-3.2.1.x86_64_linux.bottle.1.tar.gz...
./libffi-3.2.1.x86_64_linux.bottle.1.tar.gz
  bottle do
    cellar :any_skip_relocation
    rebuild 1
    sha256 "58ba7b6f318cf69815abaa53258c53c5a5d3277ebf7878364f15b31a452ff35e" => :x86_64_linux
  end
==> Determining libmagic bottle rebuild...
==> Bottling libmagic-5.31.x86_64_linux.bottle.1.tar.gz...
==> Detecting if libmagic-5.31.x86_64_linux.bottle.1.tar.gz is relocatable...
./libmagic-5.31.x86_64_linux.bottle.1.tar.gz
  bottle do
    rebuild 1
    sha256 "0d5a2511505767d98e7785790d7a5d7d2d16ab8d8b7b872f0a9d6915d15a5095" => :x86_64_linux
  end
==> Determining libmpc bottle rebuild...
==> Bottling libmpc-1.0.3_1.x86_64_linux.bottle.1.tar.gz...
./libmpc-1.0.3_1.x86_64_linux.bottle.1.tar.gz
  bottle do
    cellar :any_skip_relocation
    rebuild 1
    sha256 "f70c30beb75d9428b20a44a42b0e79376780f46f9e166a7ac07db81e41e4622a" => :x86_64_linux
  end
==> Determining libpcap bottle rebuild...
==> Bottling libpcap-1.8.1.x86_64_linux.bottle.1.tar.gz...
./libpcap-1.8.1.x86_64_linux.bottle.1.tar.gz
  bottle do
    cellar :any_skip_relocation
    rebuild 1
    sha256 "228593988f5fbd86e2f009d86404fe9d91f70a472a7ef1ff18e46c8d3b160e2b" => :x86_64_linux
  end
==> Determining libxml2 bottle rebuild...
==> Bottling libxml2-2.9.4_3.x86_64_linux.bottle.1.tar.gz...
==> Detecting if libxml2-2.9.4_3.x86_64_linux.bottle.1.tar.gz is relocatable...
./libxml2-2.9.4_3.x86_64_linux.bottle.1.tar.gz
  bottle do
    rebuild 1
    sha256 "8a4f67e70399b94b2393ef29cda90cf4cfbdb092f33d64411e1a41e26160d8fc" => :x86_64_linux
  end
==> Determining libyaml bottle rebuild...
==> Bottling libyaml-0.1.7.x86_64_linux.bottle.1.tar.gz...
./libyaml-0.1.7.x86_64_linux.bottle.1.tar.gz
  bottle do
    cellar :any_skip_relocation
    rebuild 1
    sha256 "a58765b31979f918aacd7079bd92bc3e0b4cb5fc04ccd2088fdbf9c756ee9ad4" => :x86_64_linux
  end
==> Determining llvm bottle rebuild...
==> Bottling llvm-4.0.1.x86_64_linux.bottle.1.tar.gz...
This formula doesn't require compiling.
==> Determining mongodb bottle rebuild...
==> Bottling mongodb-3.4.6.x86_64_linux.bottle.1.tar.gz...
==> Detecting if mongodb-3.4.6.x86_64_linux.bottle.1.tar.gz is relocatable...
./mongodb-3.4.6.x86_64_linux.bottle.1.tar.gz
  bottle do
    rebuild 1
    sha256 "719ed5b90c15db8a5ab8d0aa7c57d21c019e7248c9f67525ca72f000de94ef81" => :x86_64_linux
  end
==> Determining mpfr bottle rebuild...
==> Bottling mpfr-3.1.5.x86_64_linux.bottle.1.tar.gz...
==> Detecting if mpfr-3.1.5.x86_64_linux.bottle.1.tar.gz is relocatable...
./mpfr-3.1.5.x86_64_linux.bottle.1.tar.gz
  bottle do
    cellar :any_skip_relocation
    rebuild 1
    sha256 "cd4ebb7bf187c79c7d3fc27f5c98be6166c0544be48ee8b40f84d3a2c599cd86" => :x86_64_linux
  end
==> Determining ncurses bottle rebuild...
==> Bottling ncurses-6.0_3.x86_64_linux.bottle.1.tar.gz...
==> Detecting if ncurses-6.0_3.x86_64_linux.bottle.1.tar.gz is relocatable...
./ncurses-6.0_3.x86_64_linux.bottle.1.tar.gz
  bottle do
    rebuild 1
    sha256 "e40585da8e2e3f33ae4cfd92824b1ba7721143f20a65ab6d13e7657fe3763c5b" => :x86_64_linux
  end
==> Determining nmap bottle rebuild...
==> Bottling nmap-7.60.x86_64_linux.bottle.1.tar.gz...
==> Detecting if nmap-7.60.x86_64_linux.bottle.1.tar.gz is relocatable...
./nmap-7.60.x86_64_linux.bottle.1.tar.gz
  bottle do
    rebuild 1
    sha256 "ef96877a69ad9a2caaefe5d9e8a0b0ed3097ef89b6cac9e5a867203edb289929" => :x86_64_linux
  end
==> Determining node bottle rebuild...
==> Bottling node-8.2.1.x86_64_linux.bottle.1.tar.gz...
==> Determining openssl bottle rebuild...
==> Bottling openssl-1.0.2l.x86_64_linux.bottle.1.tar.gz...
==> Detecting if openssl-1.0.2l.x86_64_linux.bottle.1.tar.gz is relocatable...
==> Determining patchelf bottle rebuild...
==> Bottling patchelf-0.9_1.x86_64_linux.bottle.1.tar.gz...
./patchelf-0.9_1.x86_64_linux.bottle.1.tar.gz
  bottle do
    rebuild 1
    sha256 "b8c4ce2a84b0a272f6ca5d278868d65c58399d0e21c27b9414a99717bd14c772" => :x86_64_linux
  end
==> Determining perl bottle rebuild...
==> Bottling perl-5.26.0.x86_64_linux.bottle.1.tar.gz...
==> Detecting if perl-5.26.0.x86_64_linux.bottle.1.tar.gz is relocatable...
./perl-5.26.0.x86_64_linux.bottle.1.tar.gz
  bottle do
    rebuild 1
    sha256 "e36a6c81b91074677fe007dd2fb87834d8920d6a796b37588229363a0a645db3" => :x86_64_linux
  end
==> Determining pkg-config bottle rebuild...
==> Bottling pkg-config-0.29.2.x86_64_linux.bottle.1.tar.gz...
./pkg-config-0.29.2.x86_64_linux.bottle.1.tar.gz
  bottle do
    rebuild 1
    sha256 "a4c5e806c84c77a19491994ed396081c323b72250fa6dab8cbb187fd1d4b960c" => :x86_64_linux
  end
==> Determining python bottle rebuild...
==> Bottling python-2.7.13_1.x86_64_linux.bottle.1.tar.gz...
==> Detecting if python-2.7.13_1.x86_64_linux.bottle.1.tar.gz is relocatable...
./python-2.7.13_1.x86_64_linux.bottle.1.tar.gz
  bottle do
    rebuild 1
    sha256 "3e4c84b3ad826bf819988bef1ed8b8cf0ba31be7ff751009c6754bbc5214abce" => :x86_64_linux
  end
==> Determining python3 bottle rebuild...
==> Bottling python3-3.6.2.x86_64_linux.bottle.1.tar.gz...
==> Detecting if python3-3.6.2.x86_64_linux.bottle.1.tar.gz is relocatable...
./python3-3.6.2.x86_64_linux.bottle.1.tar.gz
  bottle do
    rebuild 1
    sha256 "6529d95a3ccb72af86b6a3c7a03fcef148db6f20489144ce46d09c7a273966e5" => :x86_64_linux
  end
==> Determining readline bottle rebuild...
==> Bottling readline-7.0.3_1.x86_64_linux.bottle.1.tar.gz...
./readline-7.0.3_1.x86_64_linux.bottle.1.tar.gz
  bottle do
    cellar :any_skip_relocation
    rebuild 1
    sha256 "78d2d5c35988448d03405d477debc3a8f4a0f1b49a54a434967eeebed4bddc41" => :x86_64_linux
  end
==> Determining ruby bottle rebuild...
==> Bottling ruby-2.4.1_1.x86_64_linux.bottle.1.tar.gz...
This formula doesn't require compiling.
This formula doesn't require compiling.
==> Determining scons bottle rebuild...
==> Bottling scons-2.5.1.x86_64_linux.bottle.1.tar.gz...
./scons-2.5.1.x86_64_linux.bottle.1.tar.gz
  bottle do
    cellar :any_skip_relocation
    rebuild 1
    sha256 "b6cafff4ba8e88241d0a9e1e11da56c52872d6ee53a7704ee65041248eec1b3b" => :x86_64_linux
  end
==> Determining sqlite bottle rebuild...
==> Bottling sqlite-3.20.0.x86_64_linux.bottle.1.tar.gz...
==> Detecting if sqlite-3.20.0.x86_64_linux.bottle.1.tar.gz is relocatable...
./sqlite-3.20.0.x86_64_linux.bottle.1.tar.gz
  bottle do
    rebuild 1
    sha256 "cb4d1ce23a49e719116f4d3bb03a9f3abb39f65cf24ea4db45618ccd0f2c6ad8" => :x86_64_linux
  end
==> Determining subversion bottle rebuild...
==> Bottling subversion-1.9.6.x86_64_linux.bottle.1.tar.gz...
==> Detecting if subversion-1.9.6.x86_64_linux.bottle.1.tar.gz is relocatable...
./subversion-1.9.6.x86_64_linux.bottle.1.tar.gz
  bottle do
    rebuild 1
    sha256 "649c3ea2e3157364af3cdd0a0282b6a2f93523c1f49206bdb38a366f8d14159f" => :x86_64_linux
  end
==> Determining texinfo bottle rebuild...
==> Bottling texinfo-6.4.x86_64_linux.bottle.1.tar.gz...
==> Detecting if texinfo-6.4.x86_64_linux.bottle.1.tar.gz is relocatable...
./texinfo-6.4.x86_64_linux.bottle.1.tar.gz
  bottle do
    rebuild 1
    sha256 "2cbaac40bc47037c0daca983f9efcb412ba710d9b05019bcedff84304f033843" => :x86_64_linux
  end
==> Determining tinycdb bottle rebuild...
==> Bottling tinycdb-0.78.x86_64_linux.bottle.1.tar.gz...
./tinycdb-0.78.x86_64_linux.bottle.1.tar.gz
  bottle do
    cellar :any_skip_relocation
    rebuild 1
    sha256 "d94fa857ac0ad8c8df038511f34840b3a3dd0e900c92bcf61a279201773d1247" => :x86_64_linux
  end
This formula doesn't require compiling.
==> Determining unzip bottle rebuild...
==> Bottling unzip-6.0_3.x86_64_linux.bottle.1.tar.gz...
./unzip-6.0_3.x86_64_linux.bottle.1.tar.gz
  bottle do
    cellar :any_skip_relocation
    rebuild 1
    sha256 "22137c1c5535208f9df9e907125b59954d0886ee0ab239102725251a2116d0a6" => :x86_64_linux
  end
==> Determining xz bottle rebuild...
==> Bottling xz-5.2.3.x86_64_linux.bottle.1.tar.gz...
==> Detecting if xz-5.2.3.x86_64_linux.bottle.1.tar.gz is relocatable...
./xz-5.2.3.x86_64_linux.bottle.1.tar.gz
  bottle do
    rebuild 1
    sha256 "be630cdb9b2ffa83f9d0918c1a4f3f27971e70de7df16b6a845b5a6b80918839" => :x86_64_linux
  end
==> Determining zlib bottle rebuild...
==> Bottling zlib-1.2.11.x86_64_linux.bottle.1.tar.gz...
./zlib-1.2.11.x86_64_linux.bottle.1.tar.gz
  bottle do
    cellar :any_skip_relocation
    rebuild 1
    sha256 "5f889b6ef5141849987fa6d0c5ef340ed8983f28dba54f3801dee24822705b9d" => :x86_64_linux
  end
